Configuration file: /home/dibya/misc/dibyaghosh.github.io/_config.yml
Configuration file: /home/dibya/misc/dibyaghosh.github.io/_config.yml
            Source: /home/dibya/misc/dibyaghosh.github.io
       Destination: /home/dibya/misc/dibyaghosh.github.io/_site
 Incremental build: disabled. Enable with --incremental
      Generating... 
                    done in 0.314 seconds.
 Auto-regeneration: enabled for '/home/dibya/misc/dibyaghosh.github.io'
Configuration file: /home/dibya/misc/dibyaghosh.github.io/_config.yml
jekyll 3.4.3 | Error:  Address already in use - bind(2) for 0.0.0.0:8890
Configuration file: /home/dibya/misc/dibyaghosh.github.io/_config.yml
Configuration file: /home/dibya/misc/dibyaghosh.github.io/_config.yml
            Source: /home/dibya/misc/dibyaghosh.github.io
       Destination: /home/dibya/misc/dibyaghosh.github.io/_site
 Incremental build: disabled. Enable with --incremental
      Generating... 
                    done in 0.316 seconds.
 Auto-regeneration: enabled for '/home/dibya/misc/dibyaghosh.github.io'
Configuration file: /home/dibya/misc/dibyaghosh.github.io/_config.yml
jekyll 3.4.3 | Error:  Address already in use - bind(2) for 0.0.0.0:8891
Configuration file: /home/dibya/misc/dibyaghosh.github.io/_config.yml
Configuration file: /home/dibya/misc/dibyaghosh.github.io/_config.yml
            Source: /home/dibya/misc/dibyaghosh.github.io
       Destination: /home/dibya/misc/dibyaghosh.github.io/_site
 Incremental build: disabled. Enable with --incremental
      Generating... 
                    done in 0.31 seconds.
 Auto-regeneration: enabled for '/home/dibya/misc/dibyaghosh.github.io'
Configuration file: /home/dibya/misc/dibyaghosh.github.io/_config.yml
    Server address: http://0.0.0.0:8890/
  Server running... press ctrl-c to stop.
      Regenerating: 1 file(s) changed at 2019-01-02 20:40:22 ...done in 0.154253472 seconds.
      Regenerating: 1 file(s) changed at 2019-01-02 20:58:18 ...done in 0.147931647 seconds.
      Regenerating: 4 file(s) changed at 2019-01-02 23:14:55 ...done in 0.129152397 seconds.
Configuration file: /home/dibya/misc/dibyaghosh.github.io/_config.yml
Configuration file: /home/dibya/misc/dibyaghosh.github.io/_config.yml
            Source: /home/dibya/misc/dibyaghosh.github.io
       Destination: /home/dibya/misc/dibyaghosh.github.io/_site
 Incremental build: disabled. Enable with --incremental
      Generating... 
                    done in 0.291 seconds.
 Auto-regeneration: enabled for '/home/dibya/misc/dibyaghosh.github.io'
Configuration file: /home/dibya/misc/dibyaghosh.github.io/_config.yml
    Server address: http://0.0.0.0:8890/
  Server running... press ctrl-c to stop.
Configuration file: /home/dibya/misc/dibyaghosh.github.io/_config.yml
Configuration file: /home/dibya/misc/dibyaghosh.github.io/_config.yml
            Source: /home/dibya/misc/dibyaghosh.github.io
       Destination: /home/dibya/misc/dibyaghosh.github.io/_site
 Incremental build: disabled. Enable with --incremental
      Generating... 
                    done in 0.301 seconds.
 Auto-regeneration: enabled for '/home/dibya/misc/dibyaghosh.github.io'
Configuration file: /home/dibya/misc/dibyaghosh.github.io/_config.yml
    Server address: http://0.0.0.0:8890/
  Server running... press ctrl-c to stop.
      Regenerating: 1 file(s) changed at 2019-01-02 23:20:26 ...done in 0.122037484 seconds.
Configuration file: /home/dibya/misc/dibyaghosh.github.io/_config.yml
Configuration file: /home/dibya/misc/dibyaghosh.github.io/_config.yml
            Source: /home/dibya/misc/dibyaghosh.github.io
       Destination: /home/dibya/misc/dibyaghosh.github.io/_site
 Incremental build: disabled. Enable with --incremental
      Generating... 
                    done in 0.272 seconds.
 Auto-regeneration: enabled for '/home/dibya/misc/dibyaghosh.github.io'
Configuration file: /home/dibya/misc/dibyaghosh.github.io/_config.yml
jekyll 3.4.3 | Error:  Address already in use - bind(2) for 0.0.0.0:8890
      Regenerating: 1 file(s) changed at 2019-01-02 23:20:55 ...done in 0.11242708 seconds.
Configuration file: /home/dibya/misc/dibyaghosh.github.io/_config.yml
Configuration file: /home/dibya/misc/dibyaghosh.github.io/_config.yml
            Source: /home/dibya/misc/dibyaghosh.github.io
       Destination: /home/dibya/misc/dibyaghosh.github.io/_site
 Incremental build: disabled. Enable with --incremental
      Generating... 
                    done in 0.277 seconds.
 Auto-regeneration: enabled for '/home/dibya/misc/dibyaghosh.github.io'
Configuration file: /home/dibya/misc/dibyaghosh.github.io/_config.yml
    Server address: http://0.0.0.0:8890/
  Server running... press ctrl-c to stop.
